2021-04-14 11:38:05,685 - monitor_log.py[line:69] - INFO: 找到进程:
['el_station.exe']
2021-04-14 11:38:05,687 - monitor_log.py[line:19] - INFO: 开始监控，监控的日志文件是：C:/Users/lwp/Documents/Gitee/el_app-el/src/app_station/output/log/app_station.log
2021-04-14 11:38:05,687 - monitor_log.py[line:77] - INFO: 开始监控
2021-04-14 11:38:05,690 - monitor_log.py[line:83] - INFO: 系统总内存：16269.23，剩余内存：5936.52
2021-04-14 11:38:05,700 - monitor_log.py[line:92] - INFO: 进程pid：9936,进程名称：el_station.exe,占用内存：96.14,占用比例：0.85
2021-04-14 11:38:05,701 - monitor_log.py[line:94] - INFO: 监控进程使用总96.14
2021-04-14 11:38:06,690 - monitor_log.py[line:27] - INFO: 日志停止变化
2021-04-14 11:38:07,704 - monitor_log.py[line:27] - INFO: 日志停止变化
2021-04-14 11:38:08,704 - monitor_log.py[line:83] - INFO: 系统总内存：16269.23，剩余内存：5930.46
2021-04-14 11:38:08,715 - monitor_log.py[line:92] - INFO: 进程pid：9936,进程名称：el_station.exe,占用内存：96.14,占用比例：0.85
2021-04-14 11:38:08,716 - monitor_log.py[line:94] - INFO: 监控进程使用总96.14
2021-04-14 11:38:08,719 - monitor_log.py[line:27] - INFO: 日志停止变化
2021-04-14 11:38:09,721 - monitor_log.py[line:27] - INFO: 日志停止变化
2021-04-14 11:38:10,737 - monitor_log.py[line:27] - INFO: 日志停止变化
2021-04-14 11:38:11,718 - monitor_log.py[line:83] - INFO: 系统总内存：16269.23，剩余内存：5929.82
2021-04-14 11:38:11,730 - monitor_log.py[line:92] - INFO: 进程pid：9936,进程名称：el_station.exe,占用内存：96.14,占用比例：0.85
2021-04-14 11:38:11,731 - monitor_log.py[line:94] - INFO: 监控进程使用总96.14
2021-04-14 11:38:11,749 - monitor_log.py[line:27] - INFO: 日志停止变化
2021-04-14 11:38:12,759 - monitor_log.py[line:27] - INFO: 日志停止变化
2021-04-14 11:38:13,771 - monitor_log.py[line:27] - INFO: 日志停止变化
2021-04-14 11:38:14,741 - monitor_log.py[line:83] - INFO: 系统总内存：16269.23，剩余内存：5929.9
2021-04-14 11:38:14,751 - monitor_log.py[line:92] - INFO: 进程pid：9936,进程名称：el_station.exe,占用内存：96.14,占用比例：0.85
2021-04-14 11:38:14,752 - monitor_log.py[line:94] - INFO: 监控进程使用总96.14
2021-04-14 11:38:14,773 - monitor_log.py[line:27] - INFO: 日志停止变化
2021-04-14 11:38:15,782 - monitor_log.py[line:27] - INFO: 日志停止变化
2021-04-14 11:38:16,796 - monitor_log.py[line:27] - INFO: 日志停止变化
2021-04-14 11:38:17,768 - monitor_log.py[line:83] - INFO: 系统总内存：16269.23，剩余内存：5931.79
2021-04-14 11:38:17,778 - monitor_log.py[line:92] - INFO: 进程pid：9936,进程名称：el_station.exe,占用内存：96.14,占用比例：0.85
2021-04-14 11:38:17,779 - monitor_log.py[line:94] - INFO: 监控进程使用总96.14
2021-04-14 11:38:17,800 - monitor_log.py[line:27] - INFO: 日志停止变化
2021-04-14 11:38:17,800 - monitor_log.py[line:32] - INFO: 发现日志文件长时间没有变化，重启进程
2021-04-14 11:38:20,421 - monitor_log.py[line:58] - INFO: 重启成功
2021-04-14 11:38:20,422 - monitor_log.py[line:59] - INFO: 找到进程:
psutil.Process(pid=22700, name='el_station.exe', status='running', started='11:38:19')
2021-04-14 11:38:20,782 - monitor_log.py[line:83] - INFO: 系统总内存：16269.23，剩余内存：6009.51
2021-04-14 11:38:20,788 - monitor_log.py[line:92] - INFO: 进程pid：22700,进程名称：el_station.exe,占用内存：36.11,占用比例：0.34
2021-04-14 11:38:20,789 - monitor_log.py[line:94] - INFO: 监控进程使用总36.11
2021-04-14 11:38:23,804 - monitor_log.py[line:83] - INFO: 系统总内存：16269.23，剩余内存：5933.02
2021-04-14 11:38:23,814 - monitor_log.py[line:92] - INFO: 进程pid：22700,进程名称：el_station.exe,占用内存：95.25,占用比例：0.85
2021-04-14 11:38:23,814 - monitor_log.py[line:94] - INFO: 监控进程使用总95.25
2021-04-14 11:38:24,457 - monitor_log.py[line:27] - INFO: 日志停止变化
2021-04-14 11:38:25,471 - monitor_log.py[line:27] - INFO: 日志停止变化
2021-04-14 11:38:26,475 - monitor_log.py[line:27] - INFO: 日志停止变化
2021-04-14 11:38:26,820 - monitor_log.py[line:83] - INFO: 系统总内存：16269.23，剩余内存：5929.91
2021-04-14 11:38:26,830 - monitor_log.py[line:92] - INFO: 进程pid：22700,进程名称：el_station.exe,占用内存：95.48,占用比例：0.86
2021-04-14 11:38:26,831 - monitor_log.py[line:94] - INFO: 监控进程使用总95.48
2021-04-14 11:38:27,491 - monitor_log.py[line:27] - INFO: 日志停止变化
2021-04-14 11:38:28,500 - monitor_log.py[line:27] - INFO: 日志停止变化
2021-04-14 11:38:29,515 - monitor_log.py[line:27] - INFO: 日志停止变化
2021-04-14 11:38:29,845 - monitor_log.py[line:83] - INFO: 系统总内存：16269.23，剩余内存：6063.72
2021-04-14 11:38:30,525 - monitor_log.py[line:27] - INFO: 日志停止变化
2021-04-14 11:38:31,531 - monitor_log.py[line:27] - INFO: 日志停止变化
2021-04-14 11:38:32,535 - monitor_log.py[line:27] - INFO: 日志停止变化
2021-04-14 11:38:33,550 - monitor_log.py[line:27] - INFO: 日志停止变化
2021-04-14 11:38:34,564 - monitor_log.py[line:27] - INFO: 日志停止变化
2021-04-14 11:38:35,580 - monitor_log.py[line:27] - INFO: 日志停止变化
2021-04-14 11:38:35,581 - monitor_log.py[line:32] - INFO: 发现日志文件长时间没有变化，重启进程
