2021-04-14 10:37:24,732 hp_plugin.py[line:104] INFO åŠ è½½æ’ä»¶
2021-04-14 10:37:24,745 hp_plugin.py[line:110] INFO è£…è½½æ’ä»¶æ¨¡å— gamma_balance
2021-04-14 10:37:24,750 hp_plugin.py[line:113] INFO æ£€æµ‹åˆ°æ’ä»¶<class 'plugins.gamma_balance.gamma_balance_plugin.GammaBalancePlugin'>
2021-04-14 10:37:24,752 hp_event.py[line:83] INFO æ³¨å†ŒåŒæ­¥äº‹ä»¶: event=BeforeVIDisplay, plugin=GammaBalancePlugin
2021-04-14 10:37:24,752 hp_plugin.py[line:131] INFO æ’ä»¶å·²ç»å¯åŠ¨: plugin_name=GammaBalancePlugin, event=BeforeVIDisplay, mode=sync, priority=100
2021-04-14 10:37:25,354 io_44.py[line:48] INFO ÖØÖÃioÄ£¿é
2021-04-14 10:37:25,369 io_44.py[line:81] ERROR io failed
Traceback (most recent call last):
  File "common\io_44.py", line 74, in reset_io
  File "serial\serialwin32.py", line 64, in open
serial.serialutil.SerialException: could not open port '': FileNotFoundError(2, 'ÏµÍ³ÕÒ²»µ½Ö¸¶¨µÄÂ·¾¶¡£', None, 3)
2021-04-14 10:37:25,649 io_44.py[line:383] INFO åˆå§‹åŒ–RetrospectIOå¯¹è±¡
2021-04-14 10:37:26,033 station_server.py[line:87] INFO start station server at '127.0.0.1:8006'
2021-04-14 10:37:26,122 base.py[line:445] INFO Adding job tentatively -- it will be properly scheduled when the scheduler starts
2021-04-14 10:37:26,122 base.py[line:445] INFO Adding job tentatively -- it will be properly scheduled when the scheduler starts
2021-04-14 10:37:26,123 base.py[line:886] INFO Added job "DeletOverduePic.clear_old_result" to job store "default"
2021-04-14 10:37:26,123 base.py[line:171] INFO Scheduler started
2021-04-14 10:37:26,124 base.py[line:886] INFO Added job "DeletOverduePic.clear_old_mes_pic" to job store "default"
2021-04-14 10:37:26,124 base.py[line:171] INFO Scheduler started
2021-04-14 10:37:26,127 main.py[line:61] INFO start the el detection process
2021-04-14 10:37:26,220 base.py[line:445] INFO Adding job tentatively -- it will be properly scheduled when the scheduler starts
2021-04-14 10:37:26,220 base.py[line:886] INFO Added job "Document.__init__.<locals>.clear_old_result" to job store "default"
2021-04-14 10:37:26,221 base.py[line:171] INFO Scheduler started
2021-04-14 10:37:26,222 base.py[line:445] INFO Adding job tentatively -- it will be properly scheduled when the scheduler starts
2021-04-14 10:37:26,222 base.py[line:886] INFO Added job "Document.__init__.<locals>.clear_old_result" to job store "default"
2021-04-14 10:37:26,222 base.py[line:171] INFO Scheduler started
2021-04-14 10:37:26,223 base.py[line:445] INFO Adding job tentatively -- it will be properly scheduled when the scheduler starts
2021-04-14 10:37:26,223 base.py[line:886] INFO Added job "Document.__init__.<locals>.clear_old_result" to job store "default"
2021-04-14 10:37:26,224 base.py[line:171] INFO Scheduler started
2021-04-14 10:37:26,312 camera_station.py[line:99] INFO regexes=[], ignore_regexes=[]
2021-04-14 10:37:26,827 station_server.py[line:76] INFO start station server at '127.0.0.1:8004'
2021-04-14 10:37:26,829 main.py[line:58] INFO start the el detection process
2021-04-14 10:37:26,339 dir_monitor_base.py[line:58] INFO å¯åŠ¨æ–°å»ºæ–‡ä»¶å·¥ä½œè€…ã€‚
2021-04-14 10:37:26,946 camera_station.py[line:97] INFO regexes=[], ignore_regexes=[]
2021-04-14 10:37:26,972 dir_monitor_base.py[line:58] INFO Æô¶¯ĞÂ½¨ÎÄ¼ş¹¤×÷Õß¡£
2021-04-14 10:37:26,975 main_window.py[line:100] INFO Mes²å¼ş¼ÓÔØ³É¹¦
2021-04-14 10:37:26,976 main_window.py[line:188] INFO WGstationÆô¶¯³É¹¦
2021-04-14 10:38:11,717 hp_plugin.py[line:137] INFO å¸è½½æ’ä»¶
2021-04-14 10:38:11,717 hp_plugin.py[line:140] INFO åœæ­¢æ’ä»¶GammaBalancePlugin
2021-04-14 10:38:11,718 hp_plugin.py[line:148] INFO å¸è½½æ’ä»¶æ¨¡å— gamma_balance
2021-04-14 10:57:58,662 hp_plugin.py[line:104] INFO åŠ è½½æ’ä»¶
2021-04-14 10:57:58,669 hp_plugin.py[line:110] INFO è£…è½½æ’ä»¶æ¨¡å— gamma_balance
2021-04-14 10:57:58,669 hp_plugin.py[line:113] INFO æ£€æµ‹åˆ°æ’ä»¶<class 'plugins.gamma_balance.gamma_balance_plugin.GammaBalancePlugin'>
2021-04-14 10:57:58,670 hp_event.py[line:83] INFO æ³¨å†ŒåŒæ­¥äº‹ä»¶: event=BeforeVIDisplay, plugin=GammaBalancePlugin
2021-04-14 10:57:58,670 hp_plugin.py[line:131] INFO æ’ä»¶å·²ç»å¯åŠ¨: plugin_name=GammaBalancePlugin, event=BeforeVIDisplay, mode=sync, priority=100
2021-04-14 10:57:59,132 io_44.py[line:48] INFO ÖØÖÃioÄ£¿é
2021-04-14 10:57:59,133 io_44.py[line:81] ERROR io failed
Traceback (most recent call last):
  File "common\io_44.py", line 74, in reset_io
  File "serial\serialwin32.py", line 64, in open
serial.serialutil.SerialException: could not open port '': FileNotFoundError(2, 'ÏµÍ³ÕÒ²»µ½Ö¸¶¨µÄÂ·¾¶¡£', None, 3)
2021-04-14 10:57:59,476 io_44.py[line:383] INFO åˆå§‹åŒ–RetrospectIOå¯¹è±¡
2021-04-14 10:57:59,888 station_server.py[line:87] INFO start station server at '127.0.0.1:8006'
2021-04-14 10:57:59,983 base.py[line:445] INFO Adding job tentatively -- it will be properly scheduled when the scheduler starts
2021-04-14 10:57:59,983 base.py[line:445] INFO Adding job tentatively -- it will be properly scheduled when the scheduler starts
2021-04-14 10:57:59,984 base.py[line:886] INFO Added job "DeletOverduePic.clear_old_result" to job store "default"
2021-04-14 10:57:59,984 base.py[line:171] INFO Scheduler started
2021-04-14 10:57:59,985 base.py[line:445] INFO Adding job tentatively -- it will be properly scheduled when the scheduler starts
2021-04-14 10:57:59,985 base.py[line:886] INFO Added job "DeletOverduePic.clear_old_mes_pic" to job store "default"
2021-04-14 10:57:59,985 base.py[line:886] INFO Added job "Document.__init__.<locals>.clear_old_result" to job store "default"
2021-04-14 10:57:59,985 base.py[line:171] INFO Scheduler started
2021-04-14 10:57:59,986 base.py[line:171] INFO Scheduler started
2021-04-14 10:57:59,987 base.py[line:445] INFO Adding job tentatively -- it will be properly scheduled when the scheduler starts
2021-04-14 10:57:59,987 base.py[line:886] INFO Added job "Document.__init__.<locals>.clear_old_result" to job store "default"
2021-04-14 10:57:59,987 base.py[line:171] INFO Scheduler started
2021-04-14 10:57:59,988 main.py[line:61] INFO start the el detection process
2021-04-14 10:57:59,989 base.py[line:445] INFO Adding job tentatively -- it will be properly scheduled when the scheduler starts
2021-04-14 10:57:59,989 base.py[line:886] INFO Added job "Document.__init__.<locals>.clear_old_result" to job store "default"
2021-04-14 10:57:59,989 base.py[line:171] INFO Scheduler started
2021-04-14 10:58:00,215 camera_station.py[line:99] INFO regexes=[], ignore_regexes=[]
2021-04-14 10:58:00,607 station_server.py[line:76] INFO start station server at '127.0.0.1:8004'
2021-04-14 10:58:00,609 main.py[line:58] INFO start the el detection process
2021-04-14 10:58:00,729 camera_station.py[line:97] INFO regexes=[], ignore_regexes=[]
2021-04-14 10:58:00,766 dir_monitor_base.py[line:58] INFO å¯åŠ¨æ–°å»ºæ–‡ä»¶å·¥ä½œè€…ã€‚
2021-04-14 10:58:00,775 dir_monitor_base.py[line:58] INFO Æô¶¯ĞÂ½¨ÎÄ¼ş¹¤×÷Õß¡£
2021-04-14 10:58:00,779 main_window.py[line:100] INFO Mes²å¼ş¼ÓÔØ³É¹¦
2021-04-14 10:58:00,779 main_window.py[line:188] INFO WGstationÆô¶¯³É¹¦
2021-04-14 11:05:06,649 hp_plugin.py[line:104] INFO åŠ è½½æ’ä»¶
2021-04-14 11:05:06,654 hp_plugin.py[line:110] INFO è£…è½½æ’ä»¶æ¨¡å— gamma_balance
2021-04-14 11:05:06,654 hp_plugin.py[line:113] INFO æ£€æµ‹åˆ°æ’ä»¶<class 'plugins.gamma_balance.gamma_balance_plugin.GammaBalancePlugin'>
2021-04-14 11:05:06,655 hp_event.py[line:83] INFO æ³¨å†ŒåŒæ­¥äº‹ä»¶: event=BeforeVIDisplay, plugin=GammaBalancePlugin
2021-04-14 11:05:06,655 hp_plugin.py[line:131] INFO æ’ä»¶å·²ç»å¯åŠ¨: plugin_name=GammaBalancePlugin, event=BeforeVIDisplay, mode=sync, priority=100
2021-04-14 11:05:07,305 io_44.py[line:48] INFO ÖØÖÃioÄ£¿é
2021-04-14 11:05:07,306 io_44.py[line:81] ERROR io failed
Traceback (most recent call last):
  File "common\io_44.py", line 74, in reset_io
  File "serial\serialwin32.py", line 64, in open
serial.serialutil.SerialException: could not open port '': FileNotFoundError(2, 'ÏµÍ³ÕÒ²»µ½Ö¸¶¨µÄÂ·¾¶¡£', None, 3)
2021-04-14 11:05:07,523 io_44.py[line:383] INFO åˆå§‹åŒ–RetrospectIOå¯¹è±¡
2021-04-14 11:05:07,885 station_server.py[line:87] INFO start station server at '127.0.0.1:8006'
2021-04-14 11:05:07,970 base.py[line:445] INFO Adding job tentatively -- it will be properly scheduled when the scheduler starts
2021-04-14 11:05:07,971 base.py[line:445] INFO Adding job tentatively -- it will be properly scheduled when the scheduler starts
2021-04-14 11:05:07,971 base.py[line:886] INFO Added job "DeletOverduePic.clear_old_result" to job store "default"
2021-04-14 11:05:07,972 base.py[line:171] INFO Scheduler started
2021-04-14 11:05:07,973 base.py[line:886] INFO Added job "DeletOverduePic.clear_old_mes_pic" to job store "default"
2021-04-14 11:05:07,973 base.py[line:171] INFO Scheduler started
2021-04-14 11:05:07,976 main.py[line:61] INFO start the el detection process
2021-04-14 11:05:08,127 base.py[line:445] INFO Adding job tentatively -- it will be properly scheduled when the scheduler starts
2021-04-14 11:05:08,128 base.py[line:886] INFO Added job "Document.__init__.<locals>.clear_old_result" to job store "default"
2021-04-14 11:05:08,128 base.py[line:171] INFO Scheduler started
2021-04-14 11:05:08,129 base.py[line:445] INFO Adding job tentatively -- it will be properly scheduled when the scheduler starts
2021-04-14 11:05:08,130 base.py[line:886] INFO Added job "Document.__init__.<locals>.clear_old_result" to job store "default"
2021-04-14 11:05:08,130 base.py[line:171] INFO Scheduler started
2021-04-14 11:05:08,131 base.py[line:445] INFO Adding job tentatively -- it will be properly scheduled when the scheduler starts
2021-04-14 11:05:08,132 base.py[line:886] INFO Added job "Document.__init__.<locals>.clear_old_result" to job store "default"
2021-04-14 11:05:08,132 base.py[line:171] INFO Scheduler started
2021-04-14 11:05:08,161 camera_station.py[line:99] INFO regexes=[], ignore_regexes=[]
2021-04-14 11:05:08,186 dir_monitor_base.py[line:58] INFO å¯åŠ¨æ–°å»ºæ–‡ä»¶å·¥ä½œè€…ã€‚
2021-04-14 11:05:09,691 station_server.py[line:76] INFO start station server at '127.0.0.1:8004'
2021-04-14 11:05:09,692 main.py[line:58] INFO start the el detection process
2021-04-14 11:05:09,801 camera_station.py[line:97] INFO regexes=[], ignore_regexes=[]
2021-04-14 11:05:09,836 dir_monitor_base.py[line:58] INFO Æô¶¯ĞÂ½¨ÎÄ¼ş¹¤×÷Õß¡£
2021-04-14 11:05:09,838 main_window.py[line:100] INFO Mes²å¼ş¼ÓÔØ³É¹¦
2021-04-14 11:05:09,839 main_window.py[line:188] INFO WGstationÆô¶¯³É¹¦
2021-04-14 11:07:03,837 hp_plugin.py[line:137] INFO å¸è½½æ’ä»¶
2021-04-14 11:07:03,838 hp_plugin.py[line:140] INFO åœæ­¢æ’ä»¶GammaBalancePlugin
2021-04-14 11:07:03,838 hp_plugin.py[line:148] INFO å¸è½½æ’ä»¶æ¨¡å— gamma_balance
2021-04-14 11:17:34,439 hp_plugin.py[line:104] INFO åŠ è½½æ’ä»¶
2021-04-14 11:17:34,443 hp_plugin.py[line:110] INFO è£…è½½æ’ä»¶æ¨¡å— gamma_balance
2021-04-14 11:17:34,444 hp_plugin.py[line:113] INFO æ£€æµ‹åˆ°æ’ä»¶<class 'plugins.gamma_balance.gamma_balance_plugin.GammaBalancePlugin'>
2021-04-14 11:17:34,444 hp_event.py[line:83] INFO æ³¨å†ŒåŒæ­¥äº‹ä»¶: event=BeforeVIDisplay, plugin=GammaBalancePlugin
2021-04-14 11:17:34,445 hp_plugin.py[line:131] INFO æ’ä»¶å·²ç»å¯åŠ¨: plugin_name=GammaBalancePlugin, event=BeforeVIDisplay, mode=sync, priority=100
2021-04-14 11:17:35,309 io_44.py[line:383] INFO åˆå§‹åŒ–RetrospectIOå¯¹è±¡
2021-04-14 11:17:35,711 station_server.py[line:87] INFO start station server at '127.0.0.1:8006'
2021-04-14 11:17:35,796 base.py[line:445] INFO Adding job tentatively -- it will be properly scheduled when the scheduler starts
2021-04-14 11:17:35,796 base.py[line:445] INFO Adding job tentatively -- it will be properly scheduled when the scheduler starts
2021-04-14 11:17:35,797 base.py[line:886] INFO Added job "DeletOverduePic.clear_old_result" to job store "default"
2021-04-14 11:17:35,797 base.py[line:171] INFO Scheduler started
2021-04-14 11:17:35,798 base.py[line:886] INFO Added job "DeletOverduePic.clear_old_mes_pic" to job store "default"
2021-04-14 11:17:35,798 base.py[line:171] INFO Scheduler started
2021-04-14 11:17:35,801 main.py[line:61] INFO start the el detection process
2021-04-14 11:17:35,975 camera_station.py[line:99] INFO regexes=[], ignore_regexes=[]
2021-04-14 11:17:35,998 dir_monitor_base.py[line:58] INFO å¯åŠ¨æ–°å»ºæ–‡ä»¶å·¥ä½œè€…ã€‚
2021-04-14 11:18:44,429 hp_plugin.py[line:137] INFO å¸è½½æ’ä»¶
2021-04-14 11:18:44,430 hp_plugin.py[line:140] INFO åœæ­¢æ’ä»¶GammaBalancePlugin
2021-04-14 11:18:44,430 hp_plugin.py[line:148] INFO å¸è½½æ’ä»¶æ¨¡å— gamma_balance
2021-04-14 11:20:25,404 hp_plugin.py[line:104] INFO åŠ è½½æ’ä»¶
2021-04-14 11:20:25,410 hp_plugin.py[line:110] INFO è£…è½½æ’ä»¶æ¨¡å— gamma_balance
2021-04-14 11:20:25,410 hp_plugin.py[line:113] INFO æ£€æµ‹åˆ°æ’ä»¶<class 'plugins.gamma_balance.gamma_balance_plugin.GammaBalancePlugin'>
2021-04-14 11:20:25,411 hp_event.py[line:83] INFO æ³¨å†ŒåŒæ­¥äº‹ä»¶: event=BeforeVIDisplay, plugin=GammaBalancePlugin
2021-04-14 11:20:25,411 hp_plugin.py[line:131] INFO æ’ä»¶å·²ç»å¯åŠ¨: plugin_name=GammaBalancePlugin, event=BeforeVIDisplay, mode=sync, priority=100
2021-04-14 11:20:26,139 io_44.py[line:383] INFO åˆå§‹åŒ–RetrospectIOå¯¹è±¡
2021-04-14 11:20:26,435 station_server.py[line:87] INFO start station server at '127.0.0.1:8006'
2021-04-14 11:20:26,510 base.py[line:445] INFO Adding job tentatively -- it will be properly scheduled when the scheduler starts
2021-04-14 11:20:26,510 base.py[line:445] INFO Adding job tentatively -- it will be properly scheduled when the scheduler starts
2021-04-14 11:20:26,511 base.py[line:886] INFO Added job "DeletOverduePic.clear_old_result" to job store "default"
2021-04-14 11:20:26,511 base.py[line:171] INFO Scheduler started
2021-04-14 11:20:26,512 base.py[line:886] INFO Added job "DeletOverduePic.clear_old_mes_pic" to job store "default"
2021-04-14 11:20:26,512 base.py[line:171] INFO Scheduler started
2021-04-14 11:20:26,515 main.py[line:61] INFO start the el detection process
2021-04-14 11:20:26,684 camera_station.py[line:99] INFO regexes=[], ignore_regexes=[]
2021-04-14 11:20:26,709 dir_monitor_base.py[line:58] INFO å¯åŠ¨æ–°å»ºæ–‡ä»¶å·¥ä½œè€…ã€‚
2021-04-14 11:20:43,507 hp_plugin.py[line:104] INFO åŠ è½½æ’ä»¶
2021-04-14 11:20:43,513 hp_plugin.py[line:110] INFO è£…è½½æ’ä»¶æ¨¡å— gamma_balance
2021-04-14 11:20:43,514 hp_plugin.py[line:113] INFO æ£€æµ‹åˆ°æ’ä»¶<class 'plugins.gamma_balance.gamma_balance_plugin.GammaBalancePlugin'>
2021-04-14 11:20:43,514 hp_event.py[line:83] INFO æ³¨å†ŒåŒæ­¥äº‹ä»¶: event=BeforeVIDisplay, plugin=GammaBalancePlugin
2021-04-14 11:20:43,515 hp_plugin.py[line:131] INFO æ’ä»¶å·²ç»å¯åŠ¨: plugin_name=GammaBalancePlugin, event=BeforeVIDisplay, mode=sync, priority=100
2021-04-14 11:20:44,203 io_44.py[line:383] INFO åˆå§‹åŒ–RetrospectIOå¯¹è±¡
2021-04-14 11:20:44,519 station_server.py[line:87] INFO start station server at '127.0.0.1:8006'
2021-04-14 11:20:44,595 base.py[line:445] INFO Adding job tentatively -- it will be properly scheduled when the scheduler starts
2021-04-14 11:20:44,595 base.py[line:445] INFO Adding job tentatively -- it will be properly scheduled when the scheduler starts
2021-04-14 11:20:44,596 base.py[line:886] INFO Added job "DeletOverduePic.clear_old_result" to job store "default"
2021-04-14 11:20:44,596 base.py[line:171] INFO Scheduler started
2021-04-14 11:20:44,597 base.py[line:886] INFO Added job "DeletOverduePic.clear_old_mes_pic" to job store "default"
2021-04-14 11:20:44,598 base.py[line:171] INFO Scheduler started
2021-04-14 11:20:44,600 main.py[line:61] INFO start the el detection process
2021-04-14 11:20:44,764 camera_station.py[line:99] INFO regexes=[], ignore_regexes=[]
2021-04-14 11:20:45,209 dir_monitor_base.py[line:58] INFO å¯åŠ¨æ–°å»ºæ–‡ä»¶å·¥ä½œè€…ã€‚
2021-04-14 11:20:47,505 hp_plugin.py[line:137] INFO å¸è½½æ’ä»¶
2021-04-14 11:20:47,521 hp_plugin.py[line:140] INFO åœæ­¢æ’ä»¶GammaBalancePlugin
2021-04-14 11:20:47,523 hp_plugin.py[line:148] INFO å¸è½½æ’ä»¶æ¨¡å— gamma_balance
2021-04-14 11:33:41,141 hp_plugin.py[line:104] INFO åŠ è½½æ’ä»¶
2021-04-14 11:33:41,145 hp_plugin.py[line:110] INFO è£…è½½æ’ä»¶æ¨¡å— gamma_balance
2021-04-14 11:33:41,146 hp_plugin.py[line:113] INFO æ£€æµ‹åˆ°æ’ä»¶<class 'plugins.gamma_balance.gamma_balance_plugin.GammaBalancePlugin'>
2021-04-14 11:33:41,146 hp_event.py[line:83] INFO æ³¨å†ŒåŒæ­¥äº‹ä»¶: event=BeforeVIDisplay, plugin=GammaBalancePlugin
2021-04-14 11:33:41,147 hp_plugin.py[line:131] INFO æ’ä»¶å·²ç»å¯åŠ¨: plugin_name=GammaBalancePlugin, event=BeforeVIDisplay, mode=sync, priority=100
2021-04-14 11:33:41,962 io_44.py[line:383] INFO åˆå§‹åŒ–RetrospectIOå¯¹è±¡
2021-04-14 11:33:42,302 station_server.py[line:87] INFO start station server at '127.0.0.1:8006'
2021-04-14 11:33:42,378 base.py[line:445] INFO Adding job tentatively -- it will be properly scheduled when the scheduler starts
2021-04-14 11:33:42,379 base.py[line:445] INFO Adding job tentatively -- it will be properly scheduled when the scheduler starts
2021-04-14 11:33:42,379 base.py[line:886] INFO Added job "DeletOverduePic.clear_old_result" to job store "default"
2021-04-14 11:33:42,379 base.py[line:171] INFO Scheduler started
2021-04-14 11:33:42,380 base.py[line:886] INFO Added job "DeletOverduePic.clear_old_mes_pic" to job store "default"
2021-04-14 11:33:42,381 base.py[line:171] INFO Scheduler started
2021-04-14 11:33:42,384 main.py[line:61] INFO start the el detection process
2021-04-14 11:33:51,133 hp_plugin.py[line:104] INFO åŠ è½½æ’ä»¶
2021-04-14 11:33:51,138 hp_plugin.py[line:110] INFO è£…è½½æ’ä»¶æ¨¡å— gamma_balance
2021-04-14 11:33:51,139 hp_plugin.py[line:113] INFO æ£€æµ‹åˆ°æ’ä»¶<class 'plugins.gamma_balance.gamma_balance_plugin.GammaBalancePlugin'>
2021-04-14 11:33:51,139 hp_event.py[line:83] INFO æ³¨å†ŒåŒæ­¥äº‹ä»¶: event=BeforeVIDisplay, plugin=GammaBalancePlugin
2021-04-14 11:33:51,140 hp_plugin.py[line:131] INFO æ’ä»¶å·²ç»å¯åŠ¨: plugin_name=GammaBalancePlugin, event=BeforeVIDisplay, mode=sync, priority=100
2021-04-14 11:33:51,836 io_44.py[line:383] INFO åˆå§‹åŒ–RetrospectIOå¯¹è±¡
2021-04-14 11:33:52,141 station_server.py[line:87] INFO start station server at '127.0.0.1:8006'
2021-04-14 11:33:52,219 base.py[line:445] INFO Adding job tentatively -- it will be properly scheduled when the scheduler starts
2021-04-14 11:33:52,219 base.py[line:445] INFO Adding job tentatively -- it will be properly scheduled when the scheduler starts
2021-04-14 11:33:52,220 base.py[line:886] INFO Added job "DeletOverduePic.clear_old_result" to job store "default"
2021-04-14 11:33:52,221 base.py[line:171] INFO Scheduler started
2021-04-14 11:33:52,221 base.py[line:886] INFO Added job "DeletOverduePic.clear_old_mes_pic" to job store "default"
2021-04-14 11:33:52,222 base.py[line:171] INFO Scheduler started
2021-04-14 11:33:52,225 main.py[line:61] INFO start the el detection process
2021-04-14 11:33:52,415 camera_station.py[line:99] INFO regexes=[], ignore_regexes=[]
2021-04-14 11:33:52,440 dir_monitor_base.py[line:58] INFO å¯åŠ¨æ–°å»ºæ–‡ä»¶å·¥ä½œè€…ã€‚
2021-04-14 11:34:05,334 hp_plugin.py[line:104] INFO åŠ è½½æ’ä»¶
2021-04-14 11:34:05,341 hp_plugin.py[line:110] INFO è£…è½½æ’ä»¶æ¨¡å— gamma_balance
2021-04-14 11:34:05,341 hp_plugin.py[line:113] INFO æ£€æµ‹åˆ°æ’ä»¶<class 'plugins.gamma_balance.gamma_balance_plugin.GammaBalancePlugin'>
2021-04-14 11:34:05,341 hp_event.py[line:83] INFO æ³¨å†ŒåŒæ­¥äº‹ä»¶: event=BeforeVIDisplay, plugin=GammaBalancePlugin
2021-04-14 11:34:05,341 hp_plugin.py[line:131] INFO æ’ä»¶å·²ç»å¯åŠ¨: plugin_name=GammaBalancePlugin, event=BeforeVIDisplay, mode=sync, priority=100
2021-04-14 11:34:06,082 io_44.py[line:383] INFO åˆå§‹åŒ–RetrospectIOå¯¹è±¡
2021-04-14 11:34:06,393 station_server.py[line:87] INFO start station server at '127.0.0.1:8006'
2021-04-14 11:34:06,469 base.py[line:445] INFO Adding job tentatively -- it will be properly scheduled when the scheduler starts
2021-04-14 11:34:06,469 base.py[line:445] INFO Adding job tentatively -- it will be properly scheduled when the scheduler starts
2021-04-14 11:34:06,470 base.py[line:886] INFO Added job "DeletOverduePic.clear_old_result" to job store "default"
2021-04-14 11:34:06,470 base.py[line:171] INFO Scheduler started
2021-04-14 11:34:06,471 base.py[line:886] INFO Added job "DeletOverduePic.clear_old_mes_pic" to job store "default"
2021-04-14 11:34:06,472 base.py[line:171] INFO Scheduler started
2021-04-14 11:34:06,475 main.py[line:61] INFO start the el detection process
2021-04-14 11:34:06,639 camera_station.py[line:99] INFO regexes=[], ignore_regexes=[]
2021-04-14 11:34:06,660 dir_monitor_base.py[line:58] INFO å¯åŠ¨æ–°å»ºæ–‡ä»¶å·¥ä½œè€…ã€‚
2021-04-14 11:34:10,408 app.py[line:72] ERROR å¯åŠ¨å¤±è´¥ï¼Œæœºå°ç«¯å£å·²ç»è¢«å ç”¨
2021-04-14 11:34:10,409 hp_plugin.py[line:137] INFO å¸è½½æ’ä»¶
2021-04-14 11:34:10,411 hp_plugin.py[line:140] INFO åœæ­¢æ’ä»¶GammaBalancePlugin
2021-04-14 11:34:10,412 hp_plugin.py[line:148] INFO å¸è½½æ’ä»¶æ¨¡å— gamma_balance
2021-04-14 11:34:12,129 hp_plugin.py[line:137] INFO å¸è½½æ’ä»¶
2021-04-14 11:34:12,131 hp_plugin.py[line:140] INFO åœæ­¢æ’ä»¶GammaBalancePlugin
2021-04-14 11:34:12,132 hp_plugin.py[line:148] INFO å¸è½½æ’ä»¶æ¨¡å— gamma_balance
2021-04-14 11:38:21,671 hp_plugin.py[line:104] INFO åŠ è½½æ’ä»¶
2021-04-14 11:38:21,677 hp_plugin.py[line:110] INFO è£…è½½æ’ä»¶æ¨¡å— gamma_balance
2021-04-14 11:38:21,678 hp_plugin.py[line:113] INFO æ£€æµ‹åˆ°æ’ä»¶<class 'plugins.gamma_balance.gamma_balance_plugin.GammaBalancePlugin'>
2021-04-14 11:38:21,678 hp_event.py[line:83] INFO æ³¨å†ŒåŒæ­¥äº‹ä»¶: event=BeforeVIDisplay, plugin=GammaBalancePlugin
2021-04-14 11:38:21,678 hp_plugin.py[line:131] INFO æ’ä»¶å·²ç»å¯åŠ¨: plugin_name=GammaBalancePlugin, event=BeforeVIDisplay, mode=sync, priority=100
2021-04-14 11:38:22,381 io_44.py[line:383] INFO åˆå§‹åŒ–RetrospectIOå¯¹è±¡
2021-04-14 11:38:22,690 station_server.py[line:87] INFO start station server at '127.0.0.1:8006'
2021-04-14 11:38:22,768 base.py[line:445] INFO Adding job tentatively -- it will be properly scheduled when the scheduler starts
2021-04-14 11:38:22,768 base.py[line:445] INFO Adding job tentatively -- it will be properly scheduled when the scheduler starts
2021-04-14 11:38:22,769 base.py[line:886] INFO Added job "DeletOverduePic.clear_old_result" to job store "default"
2021-04-14 11:38:22,769 base.py[line:171] INFO Scheduler started
2021-04-14 11:38:22,770 base.py[line:886] INFO Added job "DeletOverduePic.clear_old_mes_pic" to job store "default"
2021-04-14 11:38:22,771 base.py[line:171] INFO Scheduler started
2021-04-14 11:38:22,774 main.py[line:61] INFO start the el detection process
2021-04-14 11:38:22,938 camera_station.py[line:99] INFO regexes=[], ignore_regexes=[]
2021-04-14 11:38:23,385 dir_monitor_base.py[line:58] INFO å¯åŠ¨æ–°å»ºæ–‡ä»¶å·¥ä½œè€…ã€‚
2021-04-14 11:38:28,835 hp_plugin.py[line:137] INFO å¸è½½æ’ä»¶
2021-04-14 11:38:28,836 hp_plugin.py[line:140] INFO åœæ­¢æ’ä»¶GammaBalancePlugin
2021-04-14 11:38:28,837 hp_plugin.py[line:148] INFO å¸è½½æ’ä»¶æ¨¡å— gamma_balance
